# JRE version: OpenJDK Runtime Environment (17.0.7) (build 17.0.7+0-b2043.56-10550314)
# Java VM: OpenJDK 64-Bit Server VM (17.0.7+0-b2043.56-10550314, mixed mode, tiered, compressed oops, compressed class ptrs, g1 gc, windows-amd64)
GC Precious Log:
 CPUs: 12 total, 12 available
 Memory: 7597M
 Large Page Support: Disabled
 NUMA Support: Disabled
 Compressed Oops: Enabled (32-bit)
 Heap Region Size: 1M
 Heap Min Capacity: 8M
 Heap Initial Capacity: 120M
 Heap Max Capacity: 2G
 Pre-touch: Disabled
 Parallel Workers: 10
 Concurrent Workers: 3
 Concurrent Refinement Workers: 10
 Periodic GC: Disabled
Heap:
 garbage-first heap   total 104448K, used 70178K [0x0000000080000000, 0x0000000100000000)
  region size 1024K, 22 young (22528K), 2 survivors (2048K)
 Metaspace       used 61031K, committed 61568K, reserved 1114112K
  class space    used 8124K, committed 8384K, reserved 1048576K
GC Heap History (20 events):
Event: 4.287 GC heap before
{Heap before GC invocations=6 (full 0):
 garbage-first heap   total 71680K, used 51836K [0x0000000080000000, 0x0000000100000000)
  region size 1024K, 34 young (34816K), 4 survivors (4096K)
 Metaspace       used 34575K, committed 34880K, reserved 1114112K
  class space    used 4767K, committed 4864K, reserved 1048576K
}
Event: 4.293 GC heap after
{Heap after GC invocations=7 (full 0):
 garbage-first heap   total 71680K, used 23606K [0x0000000080000000, 0x0000000100000000)
  region size 1024K, 3 young (3072K), 3 survivors (3072K)
 Metaspace       used 34575K, committed 34880K, reserved 1114112K
  class space    used 4767K, committed 4864K, reserved 1048576K
}
Event: 4.445 GC heap before
{Heap before GC invocations=7 (full 0):
 garbage-first heap   total 71680K, used 29750K [0x0000000080000000, 0x0000000100000000)
  region size 1024K, 11 young (11264K), 3 survivors (3072K)
 Metaspace       used 35782K, committed 36096K, reserved 1114112K
  class space    used 4957K, committed 5120K, reserved 1048576K
}
Event: 4.449 GC heap after
{Heap after GC invocations=8 (full 0):
 garbage-first heap   total 71680K, used 24410K [0x0000000080000000, 0x0000000100000000)
  region size 1024K, 3 young (3072K), 3 survivors (3072K)
 Metaspace       used 35782K, committed 36096K, reserved 1114112K
  class space    used 4957K, committed 5120K, reserved 1048576K
}
Event: 4.920 GC heap before
{Heap before GC invocations=9 (full 0):
 garbage-first heap   total 71680K, used 52058K [0x0000000080000000, 0x0000000100000000)
  region size 1024K, 31 young (31744K), 3 survivors (3072K)
 Metaspace       used 41105K, committed 41472K, reserved 1114112K
  class space    used 5472K, committed 5632K, reserved 1048576K
}
Event: 4.925 GC heap after
{Heap after GC invocations=10 (full 0):
 garbage-first heap   total 86016K, used 27887K [0x0000000080000000, 0x0000000100000000)
  region size 1024K, 4 young (4096K), 4 survivors (4096K)
 Metaspace       used 41105K, committed 41472K, reserved 1114112K
  class space    used 5472K, committed 5632K, reserved 1048576K
}
Event: 5.358 GC heap before
{Heap before GC invocations=10 (full 0):
 garbage-first heap   total 86016K, used 67823K [0x0000000080000000, 0x0000000100000000)
  region size 1024K, 38 young (38912K), 4 survivors (4096K)
 Metaspace       used 43994K, committed 44352K, reserved 1114112K
  class space    used 5798K, committed 5952K, reserved 1048576K
}
Event: 5.364 GC heap after
{Heap after GC invocations=11 (full 0):
 garbage-first heap   total 86016K, used 30869K [0x0000000080000000, 0x0000000100000000)
  region size 1024K, 5 young (5120K), 5 survivors (5120K)
 Metaspace       used 43994K, committed 44352K, reserved 1114112K
  class space    used 5798K, committed 5952K, reserved 1048576K
}
Event: 5.948 GC heap before
{Heap before GC invocations=11 (full 0):
 garbage-first heap   total 86016K, used 65685K [0x0000000080000000, 0x0000000100000000)
  region size 1024K, 38 young (38912K), 5 survivors (5120K)
 Metaspace       used 47741K, committed 48192K, reserved 1114112K
  class space    used 6321K, committed 6528K, reserved 1048576K
}
Event: 5.955 GC heap after
{Heap after GC invocations=12 (full 0):
 garbage-first heap   total 86016K, used 33278K [0x0000000080000000, 0x0000000100000000)
  region size 1024K, 3 young (3072K), 3 survivors (3072K)
 Metaspace       used 47741K, committed 48192K, reserved 1114112K
  class space    used 6321K, committed 6528K, reserved 1048576K
}
Event: 6.532 GC heap before
{Heap before GC invocations=12 (full 0):
 garbage-first heap   total 86016K, used 65022K [0x0000000080000000, 0x0000000100000000)
  region size 1024K, 34 young (34816K), 3 survivors (3072K)
 Metaspace       used 51564K, committed 51968K, reserved 1114112K
  class space    used 6964K, committed 7168K, reserved 1048576K
}
Event: 6.536 GC heap after
{Heap after GC invocations=13 (full 0):
 garbage-first heap   total 86016K, used 34485K [0x0000000080000000, 0x0000000100000000)
  region size 1024K, 4 young (4096K), 4 survivors (4096K)
 Metaspace       used 51564K, committed 51968K, reserved 1114112K
  class space    used 6964K, committed 7168K, reserved 1048576K
}
Event: 7.276 GC heap before
{Heap before GC invocations=13 (full 0):
 garbage-first heap   total 86016K, used 66229K [0x0000000080000000, 0x0000000100000000)
  region size 1024K, 35 young (35840K), 4 survivors (4096K)
 Metaspace       used 53903K, committed 54400K, reserved 1114112K
  class space    used 7258K, committed 7488K, reserved 1048576K
}
Event: 7.283 GC heap after
{Heap after GC invocations=14 (full 0):
 garbage-first heap   total 86016K, used 38145K [0x0000000080000000, 0x0000000100000000)
  region size 1024K, 5 young (5120K), 5 survivors (5120K)
 Metaspace       used 53903K, committed 54400K, reserved 1114112K
  class space    used 7258K, committed 7488K, reserved 1048576K
}
Event: 7.710 GC heap before
{Heap before GC invocations=14 (full 0):
 garbage-first heap   total 86016K, used 69889K [0x0000000080000000, 0x0000000100000000)
  region size 1024K, 33 young (33792K), 5 survivors (5120K)
 Metaspace       used 55211K, committed 55680K, reserved 1114112K
  class space    used 7412K, committed 7616K, reserved 1048576K
}
Event: 7.717 GC heap after
{Heap after GC invocations=15 (full 0):
 garbage-first heap   total 86016K, used 48392K [0x0000000080000000, 0x0000000100000000)
  region size 1024K, 5 young (5120K), 5 survivors (5120K)
 Metaspace       used 55211K, committed 55680K, reserved 1114112K
  class space    used 7412K, committed 7616K, reserved 1048576K
}
Event: 8.071 GC heap before
{Heap before GC invocations=16 (full 0):
 garbage-first heap   total 87040K, used 66824K [0x0000000080000000, 0x0000000100000000)
  region size 1024K, 23 young (23552K), 5 survivors (5120K)
 Metaspace       used 56768K, committed 57280K, reserved 1114112K
  class space    used 7656K, committed 7872K, reserved 1048576K
}
Event: 8.075 GC heap after
{Heap after GC invocations=17 (full 0):
 garbage-first heap   total 87040K, used 50362K [0x0000000080000000, 0x0000000100000000)
  region size 1024K, 1 young (1024K), 1 survivors (1024K)
 Metaspace       used 56768K, committed 57280K, reserved 1114112K
  class space    used 7656K, committed 7872K, reserved 1048576K
}
Event: 8.383 GC heap before
{Heap before GC invocations=17 (full 0):
 garbage-first heap   total 87040K, used 67770K [0x0000000080000000, 0x0000000100000000)
  region size 1024K, 19 young (19456K), 1 survivors (1024K)
 Metaspace       used 58741K, committed 59264K, reserved 1114112K
  class space    used 7875K, committed 8128K, reserved 1048576K
}
Event: 8.385 GC heap after
{Heap after GC invocations=18 (full 0):
 garbage-first heap   total 104448K, used 50722K [0x0000000080000000, 0x0000000100000000)
  region size 1024K, 2 young (2048K), 2 survivors (2048K)
 Metaspace       used 58741K, committed 59264K, reserved 1114112K
  class space    used 7875K, committed 8128K, reserved 1048576K
}

