# JRE version: OpenJDK Runtime Environment (17.0.7) (build 17.0.7+0-b2043.56-10550314)
# Java VM: OpenJDK 64-Bit Server VM (17.0.7+0-b2043.56-10550314, mixed mode, tiered, compressed oops, compressed class ptrs, g1 gc, windows-amd64)
GC Precious Log:
 CPUs: 12 total, 12 available
 Memory: 7597M
 Large Page Support: Disabled
 NUMA Support: Disabled
 Compressed Oops: Enabled (32-bit)
 Heap Region Size: 1M
 Heap Min Capacity: 8M
 Heap Initial Capacity: 120M
 Heap Max Capacity: 2G
 Pre-touch: Disabled
 Parallel Workers: 10
 Concurrent Workers: 3
 Concurrent Refinement Workers: 10
 Periodic GC: Disabled
Heap:
 garbage-first heap   total 100352K, used 56472K [0x0000000080000000, 0x0000000100000000)
  region size 1024K, 1 young (1024K), 1 survivors (1024K)
 Metaspace       used 71714K, committed 72256K, reserved 1114112K
  class space    used 9536K, committed 9792K, reserved 1048576K
GC Heap History (20 events):
Event: 8.003 GC heap after
{Heap after GC invocations=19 (full 0):
 garbage-first heap   total 100352K, used 44641K [0x0000000080000000, 0x0000000100000000)
  region size 1024K, 2 young (2048K), 2 survivors (2048K)
 Metaspace       used 60740K, committed 61312K, reserved 1114112K
  class space    used 8128K, committed 8384K, reserved 1048576K
}
Event: 8.101 GC heap before
{Heap before GC invocations=19 (full 0):
 garbage-first heap   total 100352K, used 47713K [0x0000000080000000, 0x0000000100000000)
  region size 1024K, 6 young (6144K), 2 survivors (2048K)
 Metaspace       used 60755K, committed 61312K, reserved 1114112K
  class space    used 8128K, committed 8384K, reserved 1048576K
}
Event: 8.106 GC heap after
{Heap after GC invocations=20 (full 0):
 garbage-first heap   total 100352K, used 48625K [0x0000000080000000, 0x0000000100000000)
  region size 1024K, 3 young (3072K), 3 survivors (3072K)
 Metaspace       used 60755K, committed 61312K, reserved 1114112K
  class space    used 8128K, committed 8384K, reserved 1048576K
}
Event: 8.208 GC heap before
{Heap before GC invocations=21 (full 0):
 garbage-first heap   total 100352K, used 51697K [0x0000000080000000, 0x0000000100000000)
  region size 1024K, 6 young (6144K), 3 survivors (3072K)
 Metaspace       used 60797K, committed 61312K, reserved 1114112K
  class space    used 8132K, committed 8384K, reserved 1048576K
}
Event: 8.212 GC heap after
{Heap after GC invocations=22 (full 0):
 garbage-first heap   total 100352K, used 49518K [0x0000000080000000, 0x0000000100000000)
  region size 1024K, 2 young (2048K), 2 survivors (2048K)
 Metaspace       used 60797K, committed 61312K, reserved 1114112K
  class space    used 8132K, committed 8384K, reserved 1048576K
}
Event: 8.458 GC heap before
{Heap before GC invocations=23 (full 0):
 garbage-first heap   total 100352K, used 67950K [0x0000000080000000, 0x0000000100000000)
  region size 1024K, 19 young (19456K), 2 survivors (2048K)
 Metaspace       used 62142K, committed 62656K, reserved 1114112K
  class space    used 8303K, committed 8576K, reserved 1048576K
}
Event: 8.460 GC heap after
{Heap after GC invocations=24 (full 0):
 garbage-first heap   total 100352K, used 52807K [0x0000000080000000, 0x0000000100000000)
  region size 1024K, 3 young (3072K), 3 survivors (3072K)
 Metaspace       used 62142K, committed 62656K, reserved 1114112K
  class space    used 8303K, committed 8576K, reserved 1048576K
}
Event: 8.478 GC heap before
{Heap before GC invocations=24 (full 0):
 garbage-first heap   total 100352K, used 53831K [0x0000000080000000, 0x0000000100000000)
  region size 1024K, 4 young (4096K), 3 survivors (3072K)
 Metaspace       used 62253K, committed 62784K, reserved 1114112K
  class space    used 8318K, committed 8576K, reserved 1048576K
}
Event: 8.480 GC heap after
{Heap after GC invocations=25 (full 0):
 garbage-first heap   total 100352K, used 52432K [0x0000000080000000, 0x0000000100000000)
  region size 1024K, 1 young (1024K), 1 survivors (1024K)
 Metaspace       used 62253K, committed 62784K, reserved 1114112K
  class space    used 8318K, committed 8576K, reserved 1048576K
}
Event: 8.760 GC heap before
{Heap before GC invocations=25 (full 0):
 garbage-first heap   total 100352K, used 69840K [0x0000000080000000, 0x0000000100000000)
  region size 1024K, 18 young (18432K), 1 survivors (1024K)
 Metaspace       used 63818K, committed 64384K, reserved 1114112K
  class space    used 8554K, committed 8832K, reserved 1048576K
}
Event: 8.762 GC heap after
{Heap after GC invocations=26 (full 0):
 garbage-first heap   total 100352K, used 53036K [0x0000000080000000, 0x0000000100000000)
  region size 1024K, 1 young (1024K), 1 survivors (1024K)
 Metaspace       used 63818K, committed 64384K, reserved 1114112K
  class space    used 8554K, committed 8832K, reserved 1048576K
}
Event: 9.069 GC heap before
{Heap before GC invocations=27 (full 0):
 garbage-first heap   total 100352K, used 71468K [0x0000000080000000, 0x0000000100000000)
  region size 1024K, 20 young (20480K), 1 survivors (1024K)
 Metaspace       used 66128K, committed 66624K, reserved 1114112K
  class space    used 8806K, committed 9024K, reserved 1048576K
}
Event: 9.072 GC heap after
{Heap after GC invocations=28 (full 0):
 garbage-first heap   total 100352K, used 53341K [0x0000000080000000, 0x0000000100000000)
  region size 1024K, 1 young (1024K), 1 survivors (1024K)
 Metaspace       used 66128K, committed 66624K, reserved 1114112K
  class space    used 8806K, committed 9024K, reserved 1048576K
}
Event: 9.116 GC heap before
{Heap before GC invocations=28 (full 0):
 garbage-first heap   total 100352K, used 56413K [0x0000000080000000, 0x0000000100000000)
  region size 1024K, 4 young (4096K), 1 survivors (1024K)
 Metaspace       used 66463K, committed 66944K, reserved 1114112K
  class space    used 8851K, committed 9088K, reserved 1048576K
}
Event: 9.119 GC heap after
{Heap after GC invocations=29 (full 0):
 garbage-first heap   total 100352K, used 53093K [0x0000000080000000, 0x0000000100000000)
  region size 1024K, 1 young (1024K), 1 survivors (1024K)
 Metaspace       used 66463K, committed 66944K, reserved 1114112K
  class space    used 8851K, committed 9088K, reserved 1048576K
}
Event: 9.428 GC heap before
{Heap before GC invocations=29 (full 0):
 garbage-first heap   total 100352K, used 73573K [0x0000000080000000, 0x0000000100000000)
  region size 1024K, 22 young (22528K), 1 survivors (1024K)
 Metaspace       used 68569K, committed 69056K, reserved 1114112K
  class space    used 9078K, committed 9280K, reserved 1048576K
}
Event: 9.431 GC heap after
{Heap after GC invocations=30 (full 0):
 garbage-first heap   total 100352K, used 53828K [0x0000000080000000, 0x0000000100000000)
  region size 1024K, 2 young (2048K), 2 survivors (2048K)
 Metaspace       used 68569K, committed 69056K, reserved 1114112K
  class space    used 9078K, committed 9280K, reserved 1048576K
}
Event: 9.880 GC heap before
{Heap before GC invocations=31 (full 0):
 garbage-first heap   total 100352K, used 76356K [0x0000000080000000, 0x0000000100000000)
  region size 1024K, 24 young (24576K), 2 survivors (2048K)
 Metaspace       used 71673K, committed 72256K, reserved 1114112K
  class space    used 9532K, committed 9792K, reserved 1048576K
}
Event: 9.885 GC heap after
{Heap after GC invocations=32 (full 0):
 garbage-first heap   total 100352K, used 55881K [0x0000000080000000, 0x0000000100000000)
  region size 1024K, 3 young (3072K), 3 survivors (3072K)
 Metaspace       used 71673K, committed 72256K, reserved 1114112K
  class space    used 9532K, committed 9792K, reserved 1048576K
}
Event: 9.903 GC heap before
{Heap before GC invocations=32 (full 0):
 garbage-first heap   total 100352K, used 57929K [0x0000000080000000, 0x0000000100000000)
  region size 1024K, 4 young (4096K), 3 survivors (3072K)
 Metaspace       used 71714K, committed 72256K, reserved 1114112K
  class space    used 9536K, committed 9792K, reserved 1048576K
}

