# JRE version: OpenJDK Runtime Environment (17.0.7) (build 17.0.7+0-b2043.56-10550314)
# Java VM: OpenJDK 64-Bit Server VM (17.0.7+0-b2043.56-10550314, mixed mode, tiered, compressed oops, compressed class ptrs, g1 gc, windows-amd64)
GC Precious Log:
 CPUs: 12 total, 12 available
 Memory: 7597M
 Large Page Support: Disabled
 NUMA Support: Disabled
 Compressed Oops: Enabled (32-bit)
 Heap Region Size: 1M
 Heap Min Capacity: 8M
 Heap Initial Capacity: 120M
 Heap Max Capacity: 2G
 Pre-touch: Disabled
 Parallel Workers: 10
 Concurrent Workers: 3
 Concurrent Refinement Workers: 10
 Periodic GC: Disabled
Heap:
 garbage-first heap   total 154624K, used 77625K [0x0000000080000000, 0x0000000100000000)
  region size 1024K, 13 young (13312K), 4 survivors (4096K)
 Metaspace       used 56314K, committed 56960K, reserved 1114112K
  class space    used 7657K, committed 8000K, reserved 1048576K
GC Heap History (20 events):
Event: 3.964 GC heap before
{Heap before GC invocations=5 (full 0):
 garbage-first heap   total 71680K, used 55784K [0x0000000080000000, 0x0000000100000000)
  region size 1024K, 31 young (31744K), 3 survivors (3072K)
 Metaspace       used 29854K, committed 30208K, reserved 1114112K
  class space    used 4048K, committed 4224K, reserved 1048576K
}
Event: 3.969 GC heap after
{Heap after GC invocations=6 (full 0):
 garbage-first heap   total 71680K, used 30912K [0x0000000080000000, 0x0000000100000000)
  region size 1024K, 4 young (4096K), 4 survivors (4096K)
 Metaspace       used 29854K, committed 30208K, reserved 1114112K
  class space    used 4048K, committed 4224K, reserved 1048576K
}
Event: 3.998 GC heap before
{Heap before GC invocations=6 (full 0):
 garbage-first heap   total 71680K, used 31936K [0x0000000080000000, 0x0000000100000000)
  region size 1024K, 7 young (7168K), 4 survivors (4096K)
 Metaspace       used 29955K, committed 30272K, reserved 1114112K
  class space    used 4067K, committed 4224K, reserved 1048576K
}
Event: 4.002 GC heap after
{Heap after GC invocations=7 (full 0):
 garbage-first heap   total 71680K, used 32762K [0x0000000080000000, 0x0000000100000000)
  region size 1024K, 2 young (2048K), 2 survivors (2048K)
 Metaspace       used 29955K, committed 30272K, reserved 1114112K
  class space    used 4067K, committed 4224K, reserved 1048576K
}
Event: 4.017 GC heap before
{Heap before GC invocations=7 (full 0):
 garbage-first heap   total 71680K, used 45050K [0x0000000080000000, 0x0000000100000000)
  region size 1024K, 3 young (3072K), 2 survivors (2048K)
 Metaspace       used 29955K, committed 30272K, reserved 1114112K
  class space    used 4067K, committed 4224K, reserved 1048576K
}
Event: 4.019 GC heap after
{Heap after GC invocations=8 (full 0):
 garbage-first heap   total 103424K, used 44592K [0x0000000080000000, 0x0000000100000000)
  region size 1024K, 2 young (2048K), 2 survivors (2048K)
 Metaspace       used 29955K, committed 30272K, reserved 1114112K
  class space    used 4067K, committed 4224K, reserved 1048576K
}
Event: 4.540 GC heap before
{Heap before GC invocations=8 (full 0):
 garbage-first heap   total 103424K, used 75312K [0x0000000080000000, 0x0000000100000000)
  region size 1024K, 31 young (31744K), 2 survivors (2048K)
 Metaspace       used 33410K, committed 33792K, reserved 1114112K
  class space    used 4613K, committed 4800K, reserved 1048576K
}
Event: 4.544 GC heap after
{Heap after GC invocations=9 (full 0):
 garbage-first heap   total 103424K, used 49551K [0x0000000080000000, 0x0000000100000000)
  region size 1024K, 4 young (4096K), 4 survivors (4096K)
 Metaspace       used 33410K, committed 33792K, reserved 1114112K
  class space    used 4613K, committed 4800K, reserved 1048576K
}
Event: 4.805 GC heap before
{Heap before GC invocations=9 (full 0):
 garbage-first heap   total 103424K, used 64911K [0x0000000080000000, 0x0000000100000000)
  region size 1024K, 20 young (20480K), 4 survivors (4096K)
 Metaspace       used 35614K, committed 35968K, reserved 1114112K
  class space    used 4956K, committed 5120K, reserved 1048576K
}
Event: 4.808 GC heap after
{Heap after GC invocations=10 (full 0):
 garbage-first heap   total 103424K, used 50084K [0x0000000080000000, 0x0000000100000000)
  region size 1024K, 1 young (1024K), 1 survivors (1024K)
 Metaspace       used 35614K, committed 35968K, reserved 1114112K
  class space    used 4956K, committed 5120K, reserved 1048576K
}
Event: 5.354 GC heap before
{Heap before GC invocations=11 (full 0):
 garbage-first heap   total 103424K, used 77732K [0x0000000080000000, 0x0000000100000000)
  region size 1024K, 29 young (29696K), 1 survivors (1024K)
 Metaspace       used 42007K, committed 42368K, reserved 1114112K
  class space    used 5659K, committed 5824K, reserved 1048576K
}
Event: 5.360 GC heap after
{Heap after GC invocations=12 (full 0):
 garbage-first heap   total 103424K, used 53821K [0x0000000080000000, 0x0000000100000000)
  region size 1024K, 4 young (4096K), 4 survivors (4096K)
 Metaspace       used 42007K, committed 42368K, reserved 1114112K
  class space    used 5659K, committed 5824K, reserved 1048576K
}
Event: 5.577 GC heap before
{Heap before GC invocations=12 (full 0):
 garbage-first heap   total 103424K, used 77373K [0x0000000080000000, 0x0000000100000000)
  region size 1024K, 29 young (29696K), 4 survivors (4096K)
 Metaspace       used 42967K, committed 43328K, reserved 1114112K
  class space    used 5747K, committed 5952K, reserved 1048576K
}
Event: 5.583 GC heap after
{Heap after GC invocations=13 (full 0):
 garbage-first heap   total 103424K, used 56939K [0x0000000080000000, 0x0000000100000000)
  region size 1024K, 4 young (4096K), 4 survivors (4096K)
 Metaspace       used 42967K, committed 43328K, reserved 1114112K
  class space    used 5747K, committed 5952K, reserved 1048576K
}
Event: 5.988 GC heap before
{Heap before GC invocations=14 (full 0):
 garbage-first heap   total 107520K, used 85611K [0x0000000080000000, 0x0000000100000000)
  region size 1024K, 27 young (27648K), 4 survivors (4096K)
 Metaspace       used 46242K, committed 46720K, reserved 1114112K
  class space    used 6148K, committed 6400K, reserved 1048576K
}
Event: 5.992 GC heap after
{Heap after GC invocations=15 (full 0):
 garbage-first heap   total 154624K, used 58265K [0x0000000080000000, 0x0000000100000000)
  region size 1024K, 2 young (2048K), 2 survivors (2048K)
 Metaspace       used 46242K, committed 46720K, reserved 1114112K
  class space    used 6148K, committed 6400K, reserved 1048576K
}
Event: 6.953 GC heap before
{Heap before GC invocations=15 (full 0):
 garbage-first heap   total 154624K, used 117657K [0x0000000080000000, 0x0000000100000000)
  region size 1024K, 56 young (57344K), 2 survivors (2048K)
 Metaspace       used 50380K, committed 50944K, reserved 1114112K
  class space    used 6640K, committed 6912K, reserved 1048576K
}
Event: 6.960 GC heap after
{Heap after GC invocations=16 (full 0):
 garbage-first heap   total 154624K, used 66048K [0x0000000080000000, 0x0000000100000000)
  region size 1024K, 7 young (7168K), 7 survivors (7168K)
 Metaspace       used 50380K, committed 50944K, reserved 1114112K
  class space    used 6640K, committed 6912K, reserved 1048576K
}
Event: 7.919 GC heap before
{Heap before GC invocations=16 (full 0):
 garbage-first heap   total 154624K, used 116224K [0x0000000080000000, 0x0000000100000000)
  region size 1024K, 56 young (57344K), 7 survivors (7168K)
 Metaspace       used 55708K, committed 56320K, reserved 1114112K
  class space    used 7579K, committed 7872K, reserved 1048576K
}
Event: 7.927 GC heap after
{Heap after GC invocations=17 (full 0):
 garbage-first heap   total 154624K, used 69433K [0x0000000080000000, 0x0000000100000000)
  region size 1024K, 4 young (4096K), 4 survivors (4096K)
 Metaspace       used 55708K, committed 56320K, reserved 1114112K
  class space    used 7579K, committed 7872K, reserved 1048576K
}

