# JRE version: OpenJDK Runtime Environment (17.0.7) (build 17.0.7+0-b2043.56-10550314)
# Java VM: OpenJDK 64-Bit Server VM (17.0.7+0-b2043.56-10550314, mixed mode, tiered, compressed oops, compressed class ptrs, g1 gc, windows-amd64)
GC Precious Log:
 CPUs: 12 total, 12 available
 Memory: 7597M
 Large Page Support: Disabled
 NUMA Support: Disabled
 Compressed Oops: Enabled (32-bit)
 Heap Region Size: 1M
 Heap Min Capacity: 8M
 Heap Initial Capacity: 120M
 Heap Max Capacity: 2G
 Pre-touch: Disabled
 Parallel Workers: 10
 Concurrent Workers: 3
 Concurrent Refinement Workers: 10
 Periodic GC: Disabled
Heap:
 garbage-first heap   total 140288K, used 89341K [0x0000000080000000, 0x0000000100000000)
  region size 1024K, 27 young (27648K), 3 survivors (3072K)
 Metaspace       used 51613K, committed 52096K, reserved 1114112K
  class space    used 6892K, committed 7104K, reserved 1048576K
GC Heap History (20 events):
Event: 3.858 GC heap before
{Heap before GC invocations=7 (full 0):
 garbage-first heap   total 82944K, used 44807K [0x0000000080000000, 0x0000000100000000)
  region size 1024K, 6 young (6144K), 5 survivors (5120K)
 Metaspace       used 29960K, committed 30272K, reserved 1114112K
  class space    used 4068K, committed 4224K, reserved 1048576K
}
Event: 3.861 GC heap after
{Heap after GC invocations=8 (full 0):
 garbage-first heap   total 82944K, used 45102K [0x0000000080000000, 0x0000000100000000)
  region size 1024K, 3 young (3072K), 3 survivors (3072K)
 Metaspace       used 29960K, committed 30272K, reserved 1114112K
  class space    used 4068K, committed 4224K, reserved 1048576K
}
Event: 4.176 GC heap before
{Heap before GC invocations=9 (full 0):
 garbage-first heap   total 82944K, used 62510K [0x0000000080000000, 0x0000000100000000)
  region size 1024K, 19 young (19456K), 3 survivors (3072K)
 Metaspace       used 31731K, committed 32128K, reserved 1114112K
  class space    used 4342K, committed 4544K, reserved 1048576K
}
Event: 4.179 GC heap after
{Heap after GC invocations=10 (full 0):
 garbage-first heap   total 82944K, used 49311K [0x0000000080000000, 0x0000000100000000)
  region size 1024K, 3 young (3072K), 3 survivors (3072K)
 Metaspace       used 31731K, committed 32128K, reserved 1114112K
  class space    used 4342K, committed 4544K, reserved 1048576K
}
Event: 4.475 GC heap before
{Heap before GC invocations=10 (full 0):
 garbage-first heap   total 82944K, used 63647K [0x0000000080000000, 0x0000000100000000)
  region size 1024K, 17 young (17408K), 3 survivors (3072K)
 Metaspace       used 33608K, committed 33920K, reserved 1114112K
  class space    used 4645K, committed 4800K, reserved 1048576K
}
Event: 4.478 GC heap after
{Heap after GC invocations=11 (full 0):
 garbage-first heap   total 82944K, used 49646K [0x0000000080000000, 0x0000000100000000)
  region size 1024K, 1 young (1024K), 1 survivors (1024K)
 Metaspace       used 33608K, committed 33920K, reserved 1114112K
  class space    used 4645K, committed 4800K, reserved 1048576K
}
Event: 4.740 GC heap before
{Heap before GC invocations=12 (full 0):
 garbage-first heap   total 87040K, used 62958K [0x0000000080000000, 0x0000000100000000)
  region size 1024K, 15 young (15360K), 1 survivors (1024K)
 Metaspace       used 35558K, committed 35904K, reserved 1114112K
  class space    used 4957K, committed 5120K, reserved 1048576K
}
Event: 4.742 GC heap after
{Heap after GC invocations=13 (full 0):
 garbage-first heap   total 105472K, used 50128K [0x0000000080000000, 0x0000000100000000)
  region size 1024K, 2 young (2048K), 2 survivors (2048K)
 Metaspace       used 35558K, committed 35904K, reserved 1114112K
  class space    used 4957K, committed 5120K, reserved 1048576K
}
Event: 5.383 GC heap before
{Heap before GC invocations=13 (full 0):
 garbage-first heap   total 105472K, used 77776K [0x0000000080000000, 0x0000000100000000)
  region size 1024K, 30 young (30720K), 2 survivors (2048K)
 Metaspace       used 42033K, committed 42368K, reserved 1114112K
  class space    used 5661K, committed 5824K, reserved 1048576K
}
Event: 5.388 GC heap after
{Heap after GC invocations=14 (full 0):
 garbage-first heap   total 105472K, used 53902K [0x0000000080000000, 0x0000000100000000)
  region size 1024K, 4 young (4096K), 4 survivors (4096K)
 Metaspace       used 42033K, committed 42368K, reserved 1114112K
  class space    used 5661K, committed 5824K, reserved 1048576K
}
Event: 5.628 GC heap before
{Heap before GC invocations=15 (full 0):
 garbage-first heap   total 105472K, used 78478K [0x0000000080000000, 0x0000000100000000)
  region size 1024K, 29 young (29696K), 4 survivors (4096K)
 Metaspace       used 42960K, committed 43392K, reserved 1114112K
  class space    used 5749K, committed 5952K, reserved 1048576K
}
Event: 5.634 GC heap after
{Heap after GC invocations=16 (full 0):
 garbage-first heap   total 105472K, used 57098K [0x0000000080000000, 0x0000000100000000)
  region size 1024K, 4 young (4096K), 4 survivors (4096K)
 Metaspace       used 42960K, committed 43392K, reserved 1114112K
  class space    used 5749K, committed 5952K, reserved 1048576K
}
Event: 6.140 GC heap before
{Heap before GC invocations=17 (full 0):
 garbage-first heap   total 107520K, used 86794K [0x0000000080000000, 0x0000000100000000)
  region size 1024K, 28 young (28672K), 4 survivors (4096K)
 Metaspace       used 46365K, committed 46848K, reserved 1114112K
  class space    used 6167K, committed 6400K, reserved 1048576K
}
Event: 6.145 GC heap after
{Heap after GC invocations=18 (full 0):
 garbage-first heap   total 107520K, used 58328K [0x0000000080000000, 0x0000000100000000)
  region size 1024K, 2 young (2048K), 2 survivors (2048K)
 Metaspace       used 46365K, committed 46848K, reserved 1114112K
  class space    used 6167K, committed 6400K, reserved 1048576K
}
Event: 6.508 GC heap before
{Heap before GC invocations=18 (full 0):
 garbage-first heap   total 107520K, used 74712K [0x0000000080000000, 0x0000000100000000)
  region size 1024K, 19 young (19456K), 2 survivors (2048K)
 Metaspace       used 47434K, committed 47936K, reserved 1114112K
  class space    used 6334K, committed 6592K, reserved 1048576K
}
Event: 6.513 GC heap after
{Heap after GC invocations=19 (full 0):
 garbage-first heap   total 107520K, used 60463K [0x0000000080000000, 0x0000000100000000)
  region size 1024K, 4 young (4096K), 4 survivors (4096K)
 Metaspace       used 47434K, committed 47936K, reserved 1114112K
  class space    used 6334K, committed 6592K, reserved 1048576K
}
Event: 6.606 GC heap before
{Heap before GC invocations=20 (full 0):
 garbage-first heap   total 109568K, used 66607K [0x0000000080000000, 0x0000000100000000)
  region size 1024K, 9 young (9216K), 4 survivors (4096K)
 Metaspace       used 47768K, committed 48320K, reserved 1114112K
  class space    used 6357K, committed 6592K, reserved 1048576K
}
Event: 6.612 GC heap after
{Heap after GC invocations=21 (full 0):
 garbage-first heap   total 109568K, used 65074K [0x0000000080000000, 0x0000000100000000)
  region size 1024K, 2 young (2048K), 2 survivors (2048K)
 Metaspace       used 47768K, committed 48320K, reserved 1114112K
  class space    used 6357K, committed 6592K, reserved 1048576K
}
Event: 7.023 GC heap before
{Heap before GC invocations=22 (full 0):
 garbage-first heap   total 116736K, used 87602K [0x0000000080000000, 0x0000000100000000)
  region size 1024K, 22 young (22528K), 2 survivors (2048K)
 Metaspace       used 50216K, committed 50752K, reserved 1114112K
  class space    used 6618K, committed 6848K, reserved 1048576K
}
Event: 7.027 GC heap after
{Heap after GC invocations=23 (full 0):
 garbage-first heap   total 140288K, used 65789K [0x0000000080000000, 0x0000000100000000)
  region size 1024K, 3 young (3072K), 3 survivors (3072K)
 Metaspace       used 50216K, committed 50752K, reserved 1114112K
  class space    used 6618K, committed 6848K, reserved 1048576K
}

