# JRE version: OpenJDK Runtime Environment (17.0.7) (build 17.0.7+0-b2043.56-10550314)
# Java VM: OpenJDK 64-Bit Server VM (17.0.7+0-b2043.56-10550314, mixed mode, tiered, compressed oops, compressed class ptrs, g1 gc, windows-amd64)
GC Precious Log:
 CPUs: 12 total, 12 available
 Memory: 7597M
 Large Page Support: Disabled
 NUMA Support: Disabled
 Compressed Oops: Enabled (32-bit)
 Heap Region Size: 1M
 Heap Min Capacity: 8M
 Heap Initial Capacity: 120M
 Heap Max Capacity: 2G
 Pre-touch: Disabled
 Parallel Workers: 10
 Concurrent Workers: 3
 Concurrent Refinement Workers: 10
 Periodic GC: Disabled
Heap:
 garbage-first heap   total 211968K, used 125519K [0x0000000080000000, 0x0000000100000000)
  region size 1024K, 2 young (2048K), 2 survivors (2048K)
 Metaspace       used 95858K, committed 96704K, reserved 1179648K
  class space    used 13090K, committed 13504K, reserved 1048576K
GC Heap History (20 events):
Event: 12.850 GC heap after
{Heap after GC invocations=30 (full 0):
 garbage-first heap   total 126976K, used 78148K [0x0000000080000000, 0x0000000100000000)
  region size 1024K, 4 young (4096K), 4 survivors (4096K)
 Metaspace       used 74672K, committed 75392K, reserved 1114112K
  class space    used 10050K, committed 10368K, reserved 1048576K
}
Event: 13.209 GC heap before
{Heap before GC invocations=31 (full 0):
 garbage-first heap   total 137216K, used 103748K [0x0000000080000000, 0x0000000100000000)
  region size 1024K, 29 young (29696K), 4 survivors (4096K)
 Metaspace       used 76696K, committed 77376K, reserved 1179648K
  class space    used 10319K, committed 10624K, reserved 1048576K
}
Event: 13.214 GC heap after
{Heap after GC invocations=32 (full 0):
 garbage-first heap   total 164864K, used 79792K [0x0000000080000000, 0x0000000100000000)
  region size 1024K, 2 young (2048K), 2 survivors (2048K)
 Metaspace       used 76696K, committed 77376K, reserved 1179648K
  class space    used 10319K, committed 10624K, reserved 1048576K
}
Event: 13.322 GC heap before
{Heap before GC invocations=32 (full 0):
 garbage-first heap   total 164864K, used 85936K [0x0000000080000000, 0x0000000100000000)
  region size 1024K, 8 young (8192K), 2 survivors (2048K)
 Metaspace       used 77110K, committed 77760K, reserved 1179648K
  class space    used 10374K, committed 10688K, reserved 1048576K
}
Event: 13.325 GC heap after
{Heap after GC invocations=33 (full 0):
 garbage-first heap   total 164864K, used 80179K [0x0000000080000000, 0x0000000100000000)
  region size 1024K, 1 young (1024K), 1 survivors (1024K)
 Metaspace       used 77110K, committed 77760K, reserved 1179648K
  class space    used 10374K, committed 10688K, reserved 1048576K
}
Event: 14.239 GC heap before
{Heap before GC invocations=33 (full 0):
 garbage-first heap   total 164864K, used 131379K [0x0000000080000000, 0x0000000100000000)
  region size 1024K, 51 young (52224K), 1 survivors (1024K)
 Metaspace       used 82571K, committed 83200K, reserved 1179648K
  class space    used 11112K, committed 11392K, reserved 1048576K
}
Event: 14.242 GC heap after
{Heap after GC invocations=34 (full 0):
 garbage-first heap   total 164864K, used 82247K [0x0000000080000000, 0x0000000100000000)
  region size 1024K, 3 young (3072K), 3 survivors (3072K)
 Metaspace       used 82571K, committed 83200K, reserved 1179648K
  class space    used 11112K, committed 11392K, reserved 1048576K
}
Event: 15.183 GC heap before
{Heap before GC invocations=34 (full 0):
 garbage-first heap   total 164864K, used 133447K [0x0000000080000000, 0x0000000100000000)
  region size 1024K, 53 young (54272K), 3 survivors (3072K)
 Metaspace       used 85780K, committed 86464K, reserved 1179648K
  class space    used 11534K, committed 11840K, reserved 1048576K
}
Event: 15.190 GC heap after
{Heap after GC invocations=35 (full 0):
 garbage-first heap   total 164864K, used 86621K [0x0000000080000000, 0x0000000100000000)
  region size 1024K, 7 young (7168K), 7 survivors (7168K)
 Metaspace       used 85780K, committed 86464K, reserved 1179648K
  class space    used 11534K, committed 11840K, reserved 1048576K
}
Event: 16.242 GC heap before
{Heap before GC invocations=35 (full 0):
 garbage-first heap   total 164864K, used 133725K [0x0000000080000000, 0x0000000100000000)
  region size 1024K, 53 young (54272K), 7 survivors (7168K)
 Metaspace       used 89530K, committed 90176K, reserved 1179648K
  class space    used 12257K, committed 12544K, reserved 1048576K
}
Event: 16.249 GC heap after
{Heap after GC invocations=36 (full 0):
 garbage-first heap   total 164864K, used 88130K [0x0000000080000000, 0x0000000100000000)
  region size 1024K, 3 young (3072K), 3 survivors (3072K)
 Metaspace       used 89530K, committed 90176K, reserved 1179648K
  class space    used 12257K, committed 12544K, reserved 1048576K
}
Event: 17.044 GC heap before
{Heap before GC invocations=36 (full 0):
 garbage-first heap   total 164864K, used 139330K [0x0000000080000000, 0x0000000100000000)
  region size 1024K, 48 young (49152K), 3 survivors (3072K)
 Metaspace       used 93743K, committed 94400K, reserved 1179648K
  class space    used 12728K, committed 12992K, reserved 1048576K
}
Event: 17.051 GC heap after
{Heap after GC invocations=37 (full 0):
 garbage-first heap   total 164864K, used 94312K [0x0000000080000000, 0x0000000100000000)
  region size 1024K, 7 young (7168K), 7 survivors (7168K)
 Metaspace       used 93743K, committed 94400K, reserved 1179648K
  class space    used 12728K, committed 12992K, reserved 1048576K
}
Event: 17.704 GC heap before
{Heap before GC invocations=37 (full 0):
 garbage-first heap   total 164864K, used 144488K [0x0000000080000000, 0x0000000100000000)
  region size 1024K, 47 young (48128K), 7 survivors (7168K)
 Metaspace       used 95840K, committed 96640K, reserved 1179648K
  class space    used 13089K, committed 13504K, reserved 1048576K
}
Event: 17.720 GC heap after
{Heap after GC invocations=38 (full 0):
 garbage-first heap   total 164864K, used 112973K [0x0000000080000000, 0x0000000100000000)
  region size 1024K, 6 young (6144K), 6 survivors (6144K)
 Metaspace       used 95840K, committed 96640K, reserved 1179648K
  class space    used 13089K, committed 13504K, reserved 1048576K
}
Event: 17.820 GC heap before
{Heap before GC invocations=38 (full 0):
 garbage-first heap   total 164864K, used 134477K [0x0000000080000000, 0x0000000100000000)
  region size 1024K, 27 young (27648K), 6 survivors (6144K)
 Metaspace       used 95840K, committed 96640K, reserved 1179648K
  class space    used 13089K, committed 13504K, reserved 1048576K
}
Event: 17.836 GC heap after
{Heap after GC invocations=39 (full 0):
 garbage-first heap   total 164864K, used 119755K [0x0000000080000000, 0x0000000100000000)
  region size 1024K, 4 young (4096K), 4 survivors (4096K)
 Metaspace       used 95840K, committed 96640K, reserved 1179648K
  class space    used 13089K, committed 13504K, reserved 1048576K
}
Event: 18.221 GC heap before
{Heap before GC invocations=40 (full 0):
 garbage-first heap   total 211968K, used 134091K [0x0000000080000000, 0x0000000100000000)
  region size 1024K, 19 young (19456K), 4 survivors (4096K)
 Metaspace       used 95849K, committed 96704K, reserved 1179648K
  class space    used 13089K, committed 13504K, reserved 1048576K
}
Event: 18.227 GC heap after
{Heap after GC invocations=41 (full 0):
 garbage-first heap   total 211968K, used 124772K [0x0000000080000000, 0x0000000100000000)
  region size 1024K, 3 young (3072K), 3 survivors (3072K)
 Metaspace       used 95849K, committed 96704K, reserved 1179648K
  class space    used 13089K, committed 13504K, reserved 1048576K
}
Event: 18.392 GC heap before
{Heap before GC invocations=41 (full 0):
 garbage-first heap   total 211968K, used 131940K [0x0000000080000000, 0x0000000100000000)
  region size 1024K, 10 young (10240K), 3 survivors (3072K)
 Metaspace       used 95858K, committed 96704K, reserved 1179648K
  class space    used 13090K, committed 13504K, reserved 1048576K
}

