# JRE version: OpenJDK Runtime Environment (17.0.7) (build 17.0.7+0-b2043.56-10550314)
# Java VM: OpenJDK 64-Bit Server VM (17.0.7+0-b2043.56-10550314, mixed mode, tiered, compressed oops, compressed class ptrs, g1 gc, windows-amd64)
GC Precious Log:
 CPUs: 12 total, 12 available
 Memory: 7597M
 Large Page Support: Disabled
 NUMA Support: Disabled
 Compressed Oops: Enabled (32-bit)
 Heap Region Size: 1M
 Heap Min Capacity: 8M
 Heap Initial Capacity: 120M
 Heap Max Capacity: 2G
 Pre-touch: Disabled
 Parallel Workers: 10
 Concurrent Workers: 3
 Concurrent Refinement Workers: 10
 Periodic GC: Disabled
Heap:
 garbage-first heap   total 376832K, used 205505K [0x0000000080000000, 0x0000000100000000)
  region size 1024K, 10 young (10240K), 10 survivors (10240K)
 Metaspace       used 123092K, committed 124096K, reserved 1179648K
  class space    used 16326K, committed 16832K, reserved 1048576K
GC Heap History (20 events):
Event: 39.929 GC heap after
{Heap after GC invocations=51 (full 0):
 garbage-first heap   total 376832K, used 159075K [0x0000000080000000, 0x0000000100000000)
  region size 1024K, 2 young (2048K), 2 survivors (2048K)
 Metaspace       used 97868K, committed 98688K, reserved 1179648K
  class space    used 13289K, committed 13696K, reserved 1048576K
}
Event: 42.168 GC heap before
{Heap before GC invocations=51 (full 0):
 garbage-first heap   total 376832K, used 292195K [0x0000000080000000, 0x0000000100000000)
  region size 1024K, 132 young (135168K), 2 survivors (2048K)
 Metaspace       used 97872K, committed 98688K, reserved 1179648K
  class space    used 13289K, committed 13696K, reserved 1048576K
}
Event: 42.174 GC heap after
{Heap after GC invocations=52 (full 0):
 garbage-first heap   total 376832K, used 164128K [0x0000000080000000, 0x0000000100000000)
  region size 1024K, 7 young (7168K), 7 survivors (7168K)
 Metaspace       used 97872K, committed 98688K, reserved 1179648K
  class space    used 13289K, committed 13696K, reserved 1048576K
}
Event: 43.681 GC heap before
{Heap before GC invocations=53 (full 0):
 garbage-first heap   total 376832K, used 313632K [0x0000000080000000, 0x0000000100000000)
  region size 1024K, 138 young (141312K), 7 survivors (7168K)
 Metaspace       used 98228K, committed 99072K, reserved 1179648K
  class space    used 13339K, committed 13760K, reserved 1048576K
}
Event: 43.696 GC heap after
{Heap after GC invocations=54 (full 0):
 garbage-first heap   total 376832K, used 175411K [0x0000000080000000, 0x0000000100000000)
  region size 1024K, 18 young (18432K), 18 survivors (18432K)
 Metaspace       used 98228K, committed 99072K, reserved 1179648K
  class space    used 13339K, committed 13760K, reserved 1048576K
}
Event: 43.712 GC heap before
{Heap before GC invocations=54 (full 0):
 garbage-first heap   total 376832K, used 175411K [0x0000000080000000, 0x0000000100000000)
  region size 1024K, 19 young (19456K), 18 survivors (18432K)
 Metaspace       used 98420K, committed 99264K, reserved 1179648K
  class space    used 13371K, committed 13760K, reserved 1048576K
}
Event: 43.723 GC heap after
{Heap after GC invocations=55 (full 0):
 garbage-first heap   total 376832K, used 176067K [0x0000000080000000, 0x0000000100000000)
  region size 1024K, 3 young (3072K), 3 survivors (3072K)
 Metaspace       used 98420K, committed 99264K, reserved 1179648K
  class space    used 13371K, committed 13760K, reserved 1048576K
}
Event: 43.758 GC heap before
{Heap before GC invocations=55 (full 0):
 garbage-first heap   total 376832K, used 178115K [0x0000000080000000, 0x0000000100000000)
  region size 1024K, 6 young (6144K), 3 survivors (3072K)
 Metaspace       used 98883K, committed 99712K, reserved 1179648K
  class space    used 13417K, committed 13824K, reserved 1048576K
}
Event: 43.759 GC heap after
{Heap after GC invocations=56 (full 0):
 garbage-first heap   total 376832K, used 175113K [0x0000000080000000, 0x0000000100000000)
  region size 1024K, 2 young (2048K), 2 survivors (2048K)
 Metaspace       used 98883K, committed 99712K, reserved 1179648K
  class space    used 13417K, committed 13824K, reserved 1048576K
}
Event: 45.401 GC heap before
{Heap before GC invocations=57 (full 0):
 garbage-first heap   total 376832K, used 310281K [0x0000000080000000, 0x0000000100000000)
  region size 1024K, 132 young (135168K), 2 survivors (2048K)
 Metaspace       used 109336K, committed 110144K, reserved 1179648K
  class space    used 14719K, committed 15104K, reserved 1048576K
}
Event: 45.410 GC heap after
{Heap after GC invocations=58 (full 0):
 garbage-first heap   total 376832K, used 182886K [0x0000000080000000, 0x0000000100000000)
  region size 1024K, 9 young (9216K), 9 survivors (9216K)
 Metaspace       used 109336K, committed 110144K, reserved 1179648K
  class space    used 14719K, committed 15104K, reserved 1048576K
}
Event: 45.532 GC heap before
{Heap before GC invocations=58 (full 0):
 garbage-first heap   total 376832K, used 192102K [0x0000000080000000, 0x0000000100000000)
  region size 1024K, 18 young (18432K), 9 survivors (9216K)
 Metaspace       used 109715K, committed 110528K, reserved 1179648K
  class space    used 14765K, committed 15168K, reserved 1048576K
}
Event: 45.540 GC heap after
{Heap after GC invocations=59 (full 0):
 garbage-first heap   total 376832K, used 184107K [0x0000000080000000, 0x0000000100000000)
  region size 1024K, 2 young (2048K), 2 survivors (2048K)
 Metaspace       used 109715K, committed 110528K, reserved 1179648K
  class space    used 14765K, committed 15168K, reserved 1048576K
}
Event: 46.842 GC heap before
{Heap before GC invocations=59 (full 0):
 garbage-first heap   total 376832K, used 310059K [0x0000000080000000, 0x0000000100000000)
  region size 1024K, 126 young (129024K), 2 survivors (2048K)
 Metaspace       used 117758K, committed 118720K, reserved 1179648K
  class space    used 15696K, committed 16128K, reserved 1048576K
}
Event: 46.852 GC heap after
{Heap after GC invocations=60 (full 0):
 garbage-first heap   total 376832K, used 190250K [0x0000000080000000, 0x0000000100000000)
  region size 1024K, 8 young (8192K), 8 survivors (8192K)
 Metaspace       used 117758K, committed 118720K, reserved 1179648K
  class space    used 15696K, committed 16128K, reserved 1048576K
}
Event: 2101.992 GC heap before
{Heap before GC invocations=61 (full 0):
 garbage-first heap   total 376832K, used 313130K [0x0000000080000000, 0x0000000100000000)
  region size 1024K, 129 young (132096K), 8 survivors (8192K)
 Metaspace       used 121158K, committed 122176K, reserved 1179648K
  class space    used 16023K, committed 16512K, reserved 1048576K
}
Event: 2102.079 GC heap after
{Heap after GC invocations=62 (full 0):
 garbage-first heap   total 376832K, used 196750K [0x0000000080000000, 0x0000000100000000)
  region size 1024K, 15 young (15360K), 15 survivors (15360K)
 Metaspace       used 121158K, committed 122176K, reserved 1179648K
  class space    used 16023K, committed 16512K, reserved 1048576K
}
Event: 2102.126 GC heap before
{Heap before GC invocations=62 (full 0):
 garbage-first heap   total 376832K, used 199822K [0x0000000080000000, 0x0000000100000000)
  region size 1024K, 18 young (18432K), 15 survivors (15360K)
 Metaspace       used 121274K, committed 122304K, reserved 1179648K
  class space    used 16037K, committed 16512K, reserved 1048576K
}
Event: 2102.228 GC heap after
{Heap after GC invocations=63 (full 0):
 garbage-first heap   total 376832K, used 197841K [0x0000000080000000, 0x0000000100000000)
  region size 1024K, 3 young (3072K), 3 survivors (3072K)
 Metaspace       used 121274K, committed 122304K, reserved 1179648K
  class space    used 16037K, committed 16512K, reserved 1048576K
}
Event: 2103.513 GC heap before
{Heap before GC invocations=63 (full 0):
 garbage-first heap   total 376832K, used 273617K [0x0000000080000000, 0x0000000100000000)
  region size 1024K, 79 young (80896K), 3 survivors (3072K)
 Metaspace       used 123092K, committed 124096K, reserved 1179648K
  class space    used 16326K, committed 16832K, reserved 1048576K
}

