# JRE version: OpenJDK Runtime Environment (17.0.7) (build 17.0.7+0-b2043.56-10550314)
# Java VM: OpenJDK 64-Bit Server VM (17.0.7+0-b2043.56-10550314, mixed mode, tiered, compressed oops, compressed class ptrs, g1 gc, windows-amd64)
GC Precious Log:
 CPUs: 12 total, 12 available
 Memory: 7597M
 Large Page Support: Disabled
 NUMA Support: Disabled
 Compressed Oops: Enabled (32-bit)
 Heap Region Size: 1M
 Heap Min Capacity: 8M
 Heap Initial Capacity: 120M
 Heap Max Capacity: 2G
 Pre-touch: Disabled
 Parallel Workers: 10
 Concurrent Workers: 3
 Concurrent Refinement Workers: 10
 Periodic GC: Disabled
Heap:
 garbage-first heap   total 107520K, used 57333K [0x0000000080000000, 0x0000000100000000)
  region size 1024K, 2 young (2048K), 2 survivors (2048K)
 Metaspace       used 45892K, committed 46400K, reserved 1114112K
  class space    used 6096K, committed 6336K, reserved 1048576K
GC Heap History (20 events):
Event: 19.717 GC heap after
{Heap after GC invocations=3 (full 0):
 garbage-first heap   total 122880K, used 18883K [0x0000000080000000, 0x0000000100000000)
  region size 1024K, 8 young (8192K), 8 survivors (8192K)
 Metaspace       used 21330K, committed 21504K, reserved 1114112K
  class space    used 2550K, committed 2624K, reserved 1048576K
}
Event: 20.443 GC heap before
{Heap before GC invocations=4 (full 0):
 garbage-first heap   total 68608K, used 50627K [0x0000000080000000, 0x0000000100000000)
  region size 1024K, 40 young (40960K), 8 survivors (8192K)
 Metaspace       used 25963K, committed 26240K, reserved 1114112K
  class space    used 3379K, committed 3520K, reserved 1048576K
}
Event: 20.453 GC heap after
{Heap after GC invocations=5 (full 0):
 garbage-first heap   total 68608K, used 20744K [0x0000000080000000, 0x0000000100000000)
  region size 1024K, 3 young (3072K), 3 survivors (3072K)
 Metaspace       used 25963K, committed 26240K, reserved 1114112K
  class space    used 3379K, committed 3520K, reserved 1048576K
}
Event: 20.956 GC heap before
{Heap before GC invocations=5 (full 0):
 garbage-first heap   total 68608K, used 47368K [0x0000000080000000, 0x0000000100000000)
  region size 1024K, 29 young (29696K), 3 survivors (3072K)
 Metaspace       used 29664K, committed 30016K, reserved 1114112K
  class space    used 4010K, committed 4160K, reserved 1048576K
}
Event: 20.961 GC heap after
{Heap after GC invocations=6 (full 0):
 garbage-first heap   total 68608K, used 22425K [0x0000000080000000, 0x0000000100000000)
  region size 1024K, 4 young (4096K), 4 survivors (4096K)
 Metaspace       used 29664K, committed 30016K, reserved 1114112K
  class space    used 4010K, committed 4160K, reserved 1048576K
}
Event: 21.305 GC heap before
{Heap before GC invocations=6 (full 0):
 garbage-first heap   total 68608K, used 33689K [0x0000000080000000, 0x0000000100000000)
  region size 1024K, 10 young (10240K), 4 survivors (4096K)
 Metaspace       used 29953K, committed 30272K, reserved 1114112K
  class space    used 4067K, committed 4224K, reserved 1048576K
}
Event: 21.309 GC heap after
{Heap after GC invocations=7 (full 0):
 garbage-first heap   total 68608K, used 31982K [0x0000000080000000, 0x0000000100000000)
  region size 1024K, 4 young (4096K), 4 survivors (4096K)
 Metaspace       used 29953K, committed 30272K, reserved 1114112K
  class space    used 4067K, committed 4224K, reserved 1048576K
}
Event: 21.322 GC heap before
{Heap before GC invocations=7 (full 0):
 garbage-first heap   total 68608K, used 44270K [0x0000000080000000, 0x0000000100000000)
  region size 1024K, 5 young (5120K), 4 survivors (4096K)
 Metaspace       used 29953K, committed 30272K, reserved 1114112K
  class space    used 4067K, committed 4224K, reserved 1048576K
}
Event: 21.325 GC heap after
{Heap after GC invocations=8 (full 0):
 garbage-first heap   total 68608K, used 44290K [0x0000000080000000, 0x0000000100000000)
  region size 1024K, 1 young (1024K), 1 survivors (1024K)
 Metaspace       used 29953K, committed 30272K, reserved 1114112K
  class space    used 4067K, committed 4224K, reserved 1048576K
}
Event: 22.714 GC heap before
{Heap before GC invocations=9 (full 0):
 garbage-first heap   total 81920K, used 54530K [0x0000000080000000, 0x0000000100000000)
  region size 1024K, 10 young (10240K), 1 survivors (1024K)
 Metaspace       used 30900K, committed 31232K, reserved 1114112K
  class space    used 4219K, committed 4416K, reserved 1048576K
}
Event: 22.717 GC heap after
{Heap after GC invocations=10 (full 0):
 garbage-first heap   total 98304K, used 48470K [0x0000000080000000, 0x0000000100000000)
  region size 1024K, 2 young (2048K), 2 survivors (2048K)
 Metaspace       used 30900K, committed 31232K, reserved 1114112K
  class space    used 4219K, committed 4416K, reserved 1048576K
}
Event: 23.129 GC heap before
{Heap before GC invocations=10 (full 0):
 garbage-first heap   total 98304K, used 73046K [0x0000000080000000, 0x0000000100000000)
  region size 1024K, 26 young (26624K), 2 survivors (2048K)
 Metaspace       used 33883K, committed 34240K, reserved 1114112K
  class space    used 4696K, committed 4864K, reserved 1048576K
}
Event: 23.132 GC heap after
{Heap after GC invocations=11 (full 0):
 garbage-first heap   total 98304K, used 50061K [0x0000000080000000, 0x0000000100000000)
  region size 1024K, 4 young (4096K), 4 survivors (4096K)
 Metaspace       used 33883K, committed 34240K, reserved 1114112K
  class space    used 4696K, committed 4864K, reserved 1048576K
}
Event: 23.549 GC heap before
{Heap before GC invocations=12 (full 0):
 garbage-first heap   total 98304K, used 73613K [0x0000000080000000, 0x0000000100000000)
  region size 1024K, 28 young (28672K), 4 survivors (4096K)
 Metaspace       used 37791K, committed 38144K, reserved 1114112K
  class space    used 5235K, committed 5376K, reserved 1048576K
}
Event: 23.553 GC heap after
{Heap after GC invocations=13 (full 0):
 garbage-first heap   total 98304K, used 51253K [0x0000000080000000, 0x0000000100000000)
  region size 1024K, 3 young (3072K), 3 survivors (3072K)
 Metaspace       used 37791K, committed 38144K, reserved 1114112K
  class space    used 5235K, committed 5376K, reserved 1048576K
}
Event: 23.938 GC heap before
{Heap before GC invocations=13 (full 0):
 garbage-first heap   total 98304K, used 74805K [0x0000000080000000, 0x0000000100000000)
  region size 1024K, 27 young (27648K), 3 survivors (3072K)
 Metaspace       used 42508K, committed 42880K, reserved 1114112K
  class space    used 5702K, committed 5888K, reserved 1048576K
}
Event: 23.943 GC heap after
{Heap after GC invocations=14 (full 0):
 garbage-first heap   total 98304K, used 54310K [0x0000000080000000, 0x0000000100000000)
  region size 1024K, 4 young (4096K), 4 survivors (4096K)
 Metaspace       used 42508K, committed 42880K, reserved 1114112K
  class space    used 5702K, committed 5888K, reserved 1048576K
}
Event: 24.065 GC heap before
{Heap before GC invocations=15 (full 0):
 garbage-first heap   total 98304K, used 69670K [0x0000000080000000, 0x0000000100000000)
  region size 1024K, 21 young (21504K), 4 survivors (4096K)
 Metaspace       used 42948K, committed 43392K, reserved 1114112K
  class space    used 5748K, committed 5952K, reserved 1048576K
}
Event: 24.070 GC heap after
{Heap after GC invocations=16 (full 0):
 garbage-first heap   total 98304K, used 56258K [0x0000000080000000, 0x0000000100000000)
  region size 1024K, 3 young (3072K), 3 survivors (3072K)
 Metaspace       used 42948K, committed 43392K, reserved 1114112K
  class space    used 5748K, committed 5952K, reserved 1048576K
}
Event: 24.427 GC heap before
{Heap before GC invocations=17 (full 0):
 garbage-first heap   total 107520K, used 81858K [0x0000000080000000, 0x0000000100000000)
  region size 1024K, 23 young (23552K), 3 survivors (3072K)
 Metaspace       used 45892K, committed 46400K, reserved 1114112K
  class space    used 6096K, committed 6336K, reserved 1048576K
}

